TN:
SF:src\index.js
FN:15,(anonymous_0)
FNF:1
FNH:0
FNDA:0,(anonymous_0)
DA:1,0
DA:2,0
DA:3,0
DA:5,0
DA:8,0
DA:10,0
DA:11,0
DA:13,0
DA:15,0
DA:16,0
LF:10
LH:0
BRF:0
BRH:0
end_of_record
TN:
SF:src\controllers\kpiController.js
FN:1,(anonymous_0)
FNF:1
FNH:1
FNDA:12,(anonymous_0)
DA:1,1
DA:2,12
DA:4,12
DA:5,12
DA:6,12
DA:8,12
DA:10,11
DA:12,11
DA:13,1
DA:15,10
DA:16,1
DA:18,9
DA:19,9
DA:21,0
DA:27,1
DA:28,1
DA:31,12
DA:33,2
DA:35,2
DA:37,0
DA:42,10
DA:44,3
DA:45,3
DA:47,0
DA:52,7
DA:53,7
DA:60,12
DA:62,4
DA:63,3
DA:65,1
DA:70,8
DA:71,8
DA:76,12
LF:33
LH:30
BRDA:8,0,0,11
BRDA:8,0,1,1
BRDA:12,1,0,1
BRDA:12,1,1,10
BRDA:15,2,0,1
BRDA:15,2,1,9
BRDA:18,3,0,9
BRDA:18,3,1,0
BRDA:18,4,0,9
BRDA:18,4,1,9
BRDA:31,5,0,2
BRDA:31,5,1,10
BRDA:33,6,0,2
BRDA:33,6,1,0
BRDA:42,7,0,3
BRDA:42,7,1,7
BRDA:44,8,0,3
BRDA:44,8,1,0
BRDA:52,9,0,7
BRDA:52,9,1,0
BRDA:60,10,0,4
BRDA:60,10,1,8
BRDA:62,11,0,3
BRDA:62,11,1,1
BRDA:70,12,0,8
BRDA:70,12,1,0
BRF:26
BRH:21
end_of_record
TN:
SF:src\routes\kpi.js
FNF:0
FNH:0
DA:1,0
DA:2,0
DA:4,0
DA:7,0
DA:9,0
LF:5
LH:0
BRF:0
BRH:0
end_of_record
